Build started 1/29/2015 11:38:23 AM.
     1>Project "C:\Users\Yue\Desktop\New Briefcase\CSCE463_project1\CSCE463_project1\CSCE463_project1.vcxproj" on node 2 (Build target(s)).
     1>ClCompile:
         D:\Programming\Visual Studio\VC\bin\CL.exe /c /Zi /nologo /W3 /WX- /O2 /Oi /Oy- /GL /D WIN32 /D NDEBUG /D _CONSOLE /D _LIB /D _UNICODE /D UNICODE /Gm- /EHsc /MD /GS /Gy /fp:precise /Zc:wchar_t /Zc:forScope /Fo"Release\\" /Fd"Release\vc120.pdb" /Gd /TP /analyze- /errorReport:prompt Source.cpp
         Source.cpp
     1>Source.cpp(15): warning C4996: 'strncpy': This function or variable may be unsafe. Consider using strncpy_s instead. To disable deprecation, use _CRT_SECURE_NO_WARNINGS. See online help for details.
                 D:\Programming\Visual Studio\VC\include\string.h(195) : see declaration of 'strncpy'
     1>Source.cpp(28): warning C4996: 'strncpy': This function or variable may be unsafe. Consider using strncpy_s instead. To disable deprecation, use _CRT_SECURE_NO_WARNINGS. See online help for details.
                 D:\Programming\Visual Studio\VC\include\string.h(195) : see declaration of 'strncpy'
     1>Source.cpp(29): warning C4996: 'strcpy': This function or variable may be unsafe. Consider using strcpy_s instead. To disable deprecation, use _CRT_SECURE_NO_WARNINGS. See online help for details.
                 D:\Programming\Visual Studio\VC\include\string.h(112) : see declaration of 'strcpy'
     1>Source.cpp(33): warning C4996: 'strcpy': This function or variable may be unsafe. Consider using strcpy_s instead. To disable deprecation, use _CRT_SECURE_NO_WARNINGS. See online help for details.
                 D:\Programming\Visual Studio\VC\include\string.h(112) : see declaration of 'strcpy'
     1>Source.cpp(34): warning C4996: 'strcpy': This function or variable may be unsafe. Consider using strcpy_s instead. To disable deprecation, use _CRT_SECURE_NO_WARNINGS. See online help for details.
                 D:\Programming\Visual Studio\VC\include\string.h(112) : see declaration of 'strcpy'
     1>Source.cpp(38): warning C4996: 'strncpy': This function or variable may be unsafe. Consider using strncpy_s instead. To disable deprecation, use _CRT_SECURE_NO_WARNINGS. See online help for details.
                 D:\Programming\Visual Studio\VC\include\string.h(195) : see declaration of 'strncpy'
     1>Source.cpp(39): warning C4996: 'strncpy': This function or variable may be unsafe. Consider using strncpy_s instead. To disable deprecation, use _CRT_SECURE_NO_WARNINGS. See online help for details.
                 D:\Programming\Visual Studio\VC\include\string.h(195) : see declaration of 'strncpy'
     1>Source.cpp(40): warning C4996: 'strncpy': This function or variable may be unsafe. Consider using strncpy_s instead. To disable deprecation, use _CRT_SECURE_NO_WARNINGS. See online help for details.
                 D:\Programming\Visual Studio\VC\include\string.h(195) : see declaration of 'strncpy'
     1>Source.cpp(47): warning C4996: 'strtok': This function or variable may be unsafe. Consider using strtok_s instead. To disable deprecation, use _CRT_SECURE_NO_WARNINGS. See online help for details.
                 D:\Programming\Visual Studio\VC\include\string.h(204) : see declaration of 'strtok'
     1>Source.cpp(48): warning C4996: 'strtok': This function or variable may be unsafe. Consider using strtok_s instead. To disable deprecation, use _CRT_SECURE_NO_WARNINGS. See online help for details.
                 D:\Programming\Visual Studio\VC\include\string.h(204) : see declaration of 'strtok'
     1>Source.cpp(56): warning C4996: 'strcat': This function or variable may be unsafe. Consider using strcat_s instead. To disable deprecation, use _CRT_SECURE_NO_WARNINGS. See online help for details.
                 D:\Programming\Visual Studio\VC\include\string.h(118) : see declaration of 'strcat'
     1>Source.cpp(56): warning C4996: 'strcpy': This function or variable may be unsafe. Consider using strcpy_s instead. To disable deprecation, use _CRT_SECURE_NO_WARNINGS. See online help for details.
                 D:\Programming\Visual Studio\VC\include\string.h(112) : see declaration of 'strcpy'
     1>Source.cpp(63): warning C4996: 'strcpy': This function or variable may be unsafe. Consider using strcpy_s instead. To disable deprecation, use _CRT_SECURE_NO_WARNINGS. See online help for details.
                 D:\Programming\Visual Studio\VC\include\string.h(112) : see declaration of 'strcpy'
     1>Source.cpp(64): warning C4996: 'strcat': This function or variable may be unsafe. Consider using strcat_s instead. To disable deprecation, use _CRT_SECURE_NO_WARNINGS. See online help for details.
                 D:\Programming\Visual Studio\VC\include\string.h(118) : see declaration of 'strcat'
     1>Source.cpp(65): warning C4996: 'strcat': This function or variable may be unsafe. Consider using strcat_s instead. To disable deprecation, use _CRT_SECURE_NO_WARNINGS. See online help for details.
                 D:\Programming\Visual Studio\VC\include\string.h(118) : see declaration of 'strcat'
     1>Source.cpp(66): warning C4996: 'strcat': This function or variable may be unsafe. Consider using strcat_s instead. To disable deprecation, use _CRT_SECURE_NO_WARNINGS. See online help for details.
                 D:\Programming\Visual Studio\VC\include\string.h(118) : see declaration of 'strcat'
     1>Source.cpp(67): warning C4996: 'strcat': This function or variable may be unsafe. Consider using strcat_s instead. To disable deprecation, use _CRT_SECURE_NO_WARNINGS. See online help for details.
                 D:\Programming\Visual Studio\VC\include\string.h(118) : see declaration of 'strcat'
     1>Source.cpp(117): warning C4996: 'inet_addr': Use inet_pton() or InetPton() instead or define _WINSOCK_DEPRECATED_NO_WARNINGS to disable deprecated API warnings
                 C:\Program Files (x86)\Windows Kits\8.1\Include\um\winsock2.h(1850) : see declaration of 'inet_addr'
     1>Source.cpp(121): warning C4996: 'gethostbyname': Use getaddrinfo() or GetAddrInfoW() instead or define _WINSOCK_DEPRECATED_NO_WARNINGS to disable deprecated API warnings
                 C:\Program Files (x86)\Windows Kits\8.1\Include\um\winsock2.h(2238) : see declaration of 'gethostbyname'
     1>Source.cpp(129): warning C4996: 'strcpy': This function or variable may be unsafe. Consider using strcpy_s instead. To disable deprecation, use _CRT_SECURE_NO_WARNINGS. See online help for details.
                 D:\Programming\Visual Studio\VC\include\string.h(112) : see declaration of 'strcpy'
     1>Source.cpp(129): warning C4996: 'inet_ntoa': Use inet_ntop() or InetNtop() instead or define _WINSOCK_DEPRECATED_NO_WARNINGS to disable deprecated API warnings
                 C:\Program Files (x86)\Windows Kits\8.1\Include\um\winsock2.h(1868) : see declaration of 'inet_ntoa'
     1>Source.cpp(135): warning C4996: 'strcpy': This function or variable may be unsafe. Consider using strcpy_s instead. To disable deprecation, use _CRT_SECURE_NO_WARNINGS. See online help for details.
                 D:\Programming\Visual Studio\VC\include\string.h(112) : see declaration of 'strcpy'
     1>Source.cpp(179): warning C4996: 'strcpy': This function or variable may be unsafe. Consider using strcpy_s instead. To disable deprecation, use _CRT_SECURE_NO_WARNINGS. See online help for details.
                 D:\Programming\Visual Studio\VC\include\string.h(112) : see declaration of 'strcpy'
     1>Source.cpp(197): warning C4996: 'strcat': This function or variable may be unsafe. Consider using strcat_s instead. To disable deprecation, use _CRT_SECURE_NO_WARNINGS. See online help for details.
                 D:\Programming\Visual Studio\VC\include\string.h(118) : see declaration of 'strcat'
     1>Source.cpp(217): warning C4996: 'strcat': This function or variable may be unsafe. Consider using strcat_s instead. To disable deprecation, use _CRT_SECURE_NO_WARNINGS. See online help for details.
                 D:\Programming\Visual Studio\VC\include\string.h(118) : see declaration of 'strcat'
     1>Source.cpp(229): warning C4101: 'time2' : unreferenced local variable
     1>Source.cpp(310): warning C4244: 'initializing' : conversion from 'std::streamoff' to 'long', possible loss of data
     1>Source.cpp(324): warning C4996: 'strtok': This function or variable may be unsafe. Consider using strtok_s instead. To disable deprecation, use _CRT_SECURE_NO_WARNINGS. See online help for details.
                 D:\Programming\Visual Studio\VC\include\string.h(204) : see declaration of 'strtok'
     1>Source.cpp(334): error C3867: 'std::_Hash<std::_Uset_traits<_Kty,std::_Uhash_compare<_Kty,_Hasher,_Keyeq>,_Alloc,false>>::size': function call missing argument list; use '&std::_Hash<std::_Uset_traits<_Kty,std::_Uhash_compare<_Kty,_Hasher,_Keyeq>,_Alloc,false>>::size' to create a pointer to member
                 with
                 [
                     _Kty=std::string
         ,            _Hasher=std::hash<std::string>
         ,            _Keyeq=std::equal_to<std::string>
         ,            _Alloc=std::allocator<std::string>
                 ]
     1>Source.cpp(334): error C2446: '==' : no conversion from 'int' to 'unsigned int (__thiscall std::_Hash<std::_Uset_traits<_Kty,std::_Uhash_compare<_Kty,_Hasher,_Keyeq>,_Alloc,false>>::* )(void) throw() const'
                 with
                 [
                     _Kty=std::string
         ,            _Hasher=std::hash<std::string>
         ,            _Keyeq=std::equal_to<std::string>
         ,            _Alloc=std::allocator<std::string>
                 ]
                 There are no conversions from integral values to pointer-to-member values
     1>Source.cpp(334): error C2040: '==' : 'unsigned int (__thiscall std::_Hash<std::_Uset_traits<_Kty,std::_Uhash_compare<_Kty,_Hasher,_Keyeq>,_Alloc,false>>::* )(void) throw() const' differs in levels of indirection from 'int'
                 with
                 [
                     _Kty=std::string
         ,            _Hasher=std::hash<std::string>
         ,            _Keyeq=std::equal_to<std::string>
         ,            _Alloc=std::allocator<std::string>
                 ]
     1>Source.cpp(340): error C3867: 'std::_Hash<std::_Uset_traits<_Kty,std::_Uhash_compare<_Kty,_Hasher,_Keyeq>,_Alloc,false>>::size': function call missing argument list; use '&std::_Hash<std::_Uset_traits<_Kty,std::_Uhash_compare<_Kty,_Hasher,_Keyeq>,_Alloc,false>>::size' to create a pointer to member
                 with
                 [
                     _Kty=std::string
         ,            _Hasher=std::hash<std::string>
         ,            _Keyeq=std::equal_to<std::string>
         ,            _Alloc=std::allocator<std::string>
                 ]
     1>Source.cpp(340): error C2446: '==' : no conversion from 'int' to 'unsigned int (__thiscall std::_Hash<std::_Uset_traits<_Kty,std::_Uhash_compare<_Kty,_Hasher,_Keyeq>,_Alloc,false>>::* )(void) throw() const'
                 with
                 [
                     _Kty=std::string
         ,            _Hasher=std::hash<std::string>
         ,            _Keyeq=std::equal_to<std::string>
         ,            _Alloc=std::allocator<std::string>
                 ]
                 There are no conversions from integral values to pointer-to-member values
     1>Source.cpp(340): error C2040: '==' : 'unsigned int (__thiscall std::_Hash<std::_Uset_traits<_Kty,std::_Uhash_compare<_Kty,_Hasher,_Keyeq>,_Alloc,false>>::* )(void) throw() const' differs in levels of indirection from 'int'
                 with
                 [
                     _Kty=std::string
         ,            _Hasher=std::hash<std::string>
         ,            _Keyeq=std::equal_to<std::string>
         ,            _Alloc=std::allocator<std::string>
                 ]
     1>Done Building Project "C:\Users\Yue\Desktop\New Briefcase\CSCE463_project1\CSCE463_project1\CSCE463_project1.vcxproj" (Build target(s)) -- FAILED.

Build FAILED.

Time Elapsed 00:00:00.74
