Build started 2/3/2015 1:06:11 AM.
     1>Project "G:\Database_backup\Programs_Repository\C++_Repository\In-progress\CSCE463_project1\CSCE463_project1\CSCE463_project1.vcxproj" on node 2 (Build target(s)).
     1>ClCompile:
         E:\Programming\Visual Studio\VC\bin\CL.exe /c /ZI /nologo /W3 /WX- /Od /Oy- /D WIN32 /D _DEBUG /D _CONSOLE /D _LIB /D _UNICODE /D UNICODE /Gm /EHsc /RTC1 /MDd /GS /fp:precise /Zc:wchar_t /Zc:forScope /Fo"Debug\\" /Fd"Debug\vc120.pdb" /Gd /TP /analyze- /errorReport:prompt Source.cpp
         Source.cpp
     1>g:\database_backup\programs_repository\c++_repository\in-progress\csce463_project1\csce463_project1\source.cpp(16): warning C4996: 'strncpy': This function or variable may be unsafe. Consider using strncpy_s instead. To disable deprecation, use _CRT_SECURE_NO_WARNINGS. See online help for details.
                 e:\programming\visual studio\vc\include\string.h(195) : see declaration of 'strncpy'
     1>g:\database_backup\programs_repository\c++_repository\in-progress\csce463_project1\csce463_project1\source.cpp(30): warning C4996: 'strncpy': This function or variable may be unsafe. Consider using strncpy_s instead. To disable deprecation, use _CRT_SECURE_NO_WARNINGS. See online help for details.
                 e:\programming\visual studio\vc\include\string.h(195) : see declaration of 'strncpy'
     1>g:\database_backup\programs_repository\c++_repository\in-progress\csce463_project1\csce463_project1\source.cpp(31): warning C4996: 'strcpy': This function or variable may be unsafe. Consider using strcpy_s instead. To disable deprecation, use _CRT_SECURE_NO_WARNINGS. See online help for details.
                 e:\programming\visual studio\vc\include\string.h(112) : see declaration of 'strcpy'
     1>g:\database_backup\programs_repository\c++_repository\in-progress\csce463_project1\csce463_project1\source.cpp(35): warning C4996: 'strcpy': This function or variable may be unsafe. Consider using strcpy_s instead. To disable deprecation, use _CRT_SECURE_NO_WARNINGS. See online help for details.
                 e:\programming\visual studio\vc\include\string.h(112) : see declaration of 'strcpy'
     1>g:\database_backup\programs_repository\c++_repository\in-progress\csce463_project1\csce463_project1\source.cpp(36): warning C4996: 'strcpy': This function or variable may be unsafe. Consider using strcpy_s instead. To disable deprecation, use _CRT_SECURE_NO_WARNINGS. See online help for details.
                 e:\programming\visual studio\vc\include\string.h(112) : see declaration of 'strcpy'
     1>g:\database_backup\programs_repository\c++_repository\in-progress\csce463_project1\csce463_project1\source.cpp(40): warning C4996: 'strncpy': This function or variable may be unsafe. Consider using strncpy_s instead. To disable deprecation, use _CRT_SECURE_NO_WARNINGS. See online help for details.
                 e:\programming\visual studio\vc\include\string.h(195) : see declaration of 'strncpy'
     1>g:\database_backup\programs_repository\c++_repository\in-progress\csce463_project1\csce463_project1\source.cpp(41): warning C4996: 'strncpy': This function or variable may be unsafe. Consider using strncpy_s instead. To disable deprecation, use _CRT_SECURE_NO_WARNINGS. See online help for details.
                 e:\programming\visual studio\vc\include\string.h(195) : see declaration of 'strncpy'
     1>g:\database_backup\programs_repository\c++_repository\in-progress\csce463_project1\csce463_project1\source.cpp(42): warning C4996: 'strncpy': This function or variable may be unsafe. Consider using strncpy_s instead. To disable deprecation, use _CRT_SECURE_NO_WARNINGS. See online help for details.
                 e:\programming\visual studio\vc\include\string.h(195) : see declaration of 'strncpy'
     1>g:\database_backup\programs_repository\c++_repository\in-progress\csce463_project1\csce463_project1\source.cpp(53): warning C4996: 'strtok': This function or variable may be unsafe. Consider using strtok_s instead. To disable deprecation, use _CRT_SECURE_NO_WARNINGS. See online help for details.
                 e:\programming\visual studio\vc\include\string.h(204) : see declaration of 'strtok'
     1>g:\database_backup\programs_repository\c++_repository\in-progress\csce463_project1\csce463_project1\source.cpp(54): warning C4996: 'strtok': This function or variable may be unsafe. Consider using strtok_s instead. To disable deprecation, use _CRT_SECURE_NO_WARNINGS. See online help for details.
                 e:\programming\visual studio\vc\include\string.h(204) : see declaration of 'strtok'
     1>g:\database_backup\programs_repository\c++_repository\in-progress\csce463_project1\csce463_project1\source.cpp(66): warning C4996: 'strcpy': This function or variable may be unsafe. Consider using strcpy_s instead. To disable deprecation, use _CRT_SECURE_NO_WARNINGS. See online help for details.
                 e:\programming\visual studio\vc\include\string.h(112) : see declaration of 'strcpy'
     1>g:\database_backup\programs_repository\c++_repository\in-progress\csce463_project1\csce463_project1\source.cpp(66): warning C4996: 'strcat': This function or variable may be unsafe. Consider using strcat_s instead. To disable deprecation, use _CRT_SECURE_NO_WARNINGS. See online help for details.
                 e:\programming\visual studio\vc\include\string.h(118) : see declaration of 'strcat'
     1>g:\database_backup\programs_repository\c++_repository\in-progress\csce463_project1\csce463_project1\source.cpp(75): warning C4996: 'strcpy': This function or variable may be unsafe. Consider using strcpy_s instead. To disable deprecation, use _CRT_SECURE_NO_WARNINGS. See online help for details.
                 e:\programming\visual studio\vc\include\string.h(112) : see declaration of 'strcpy'
     1>g:\database_backup\programs_repository\c++_repository\in-progress\csce463_project1\csce463_project1\source.cpp(76): warning C4996: 'strcat': This function or variable may be unsafe. Consider using strcat_s instead. To disable deprecation, use _CRT_SECURE_NO_WARNINGS. See online help for details.
                 e:\programming\visual studio\vc\include\string.h(118) : see declaration of 'strcat'
     1>g:\database_backup\programs_repository\c++_repository\in-progress\csce463_project1\csce463_project1\source.cpp(77): warning C4996: 'strcat': This function or variable may be unsafe. Consider using strcat_s instead. To disable deprecation, use _CRT_SECURE_NO_WARNINGS. See online help for details.
                 e:\programming\visual studio\vc\include\string.h(118) : see declaration of 'strcat'
     1>g:\database_backup\programs_repository\c++_repository\in-progress\csce463_project1\csce463_project1\source.cpp(78): warning C4996: 'strcat': This function or variable may be unsafe. Consider using strcat_s instead. To disable deprecation, use _CRT_SECURE_NO_WARNINGS. See online help for details.
                 e:\programming\visual studio\vc\include\string.h(118) : see declaration of 'strcat'
     1>g:\database_backup\programs_repository\c++_repository\in-progress\csce463_project1\csce463_project1\source.cpp(79): warning C4996: 'strcat': This function or variable may be unsafe. Consider using strcat_s instead. To disable deprecation, use _CRT_SECURE_NO_WARNINGS. See online help for details.
                 e:\programming\visual studio\vc\include\string.h(118) : see declaration of 'strcat'
     1>g:\database_backup\programs_repository\c++_repository\in-progress\csce463_project1\csce463_project1\source.cpp(84): warning C4996: 'strcpy': This function or variable may be unsafe. Consider using strcpy_s instead. To disable deprecation, use _CRT_SECURE_NO_WARNINGS. See online help for details.
                 e:\programming\visual studio\vc\include\string.h(112) : see declaration of 'strcpy'
     1>g:\database_backup\programs_repository\c++_repository\in-progress\csce463_project1\csce463_project1\source.cpp(85): warning C4996: 'strcat': This function or variable may be unsafe. Consider using strcat_s instead. To disable deprecation, use _CRT_SECURE_NO_WARNINGS. See online help for details.
                 e:\programming\visual studio\vc\include\string.h(118) : see declaration of 'strcat'
     1>g:\database_backup\programs_repository\c++_repository\in-progress\csce463_project1\csce463_project1\source.cpp(86): warning C4996: 'strcat': This function or variable may be unsafe. Consider using strcat_s instead. To disable deprecation, use _CRT_SECURE_NO_WARNINGS. See online help for details.
                 e:\programming\visual studio\vc\include\string.h(118) : see declaration of 'strcat'
     1>g:\database_backup\programs_repository\c++_repository\in-progress\csce463_project1\csce463_project1\source.cpp(87): warning C4996: 'strcat': This function or variable may be unsafe. Consider using strcat_s instead. To disable deprecation, use _CRT_SECURE_NO_WARNINGS. See online help for details.
                 e:\programming\visual studio\vc\include\string.h(118) : see declaration of 'strcat'
     1>g:\database_backup\programs_repository\c++_repository\in-progress\csce463_project1\csce463_project1\source.cpp(138): warning C4996: 'inet_addr': Use inet_pton() or InetPton() instead or define _WINSOCK_DEPRECATED_NO_WARNINGS to disable deprecated API warnings
                 c:\program files (x86)\windows kits\8.1\include\um\winsock2.h(1850) : see declaration of 'inet_addr'
     1>g:\database_backup\programs_repository\c++_repository\in-progress\csce463_project1\csce463_project1\source.cpp(142): warning C4996: 'gethostbyname': Use getaddrinfo() or GetAddrInfoW() instead or define _WINSOCK_DEPRECATED_NO_WARNINGS to disable deprecated API warnings
                 c:\program files (x86)\windows kits\8.1\include\um\winsock2.h(2238) : see declaration of 'gethostbyname'
     1>g:\database_backup\programs_repository\c++_repository\in-progress\csce463_project1\csce463_project1\source.cpp(150): warning C4996: 'strcpy': This function or variable may be unsafe. Consider using strcpy_s instead. To disable deprecation, use _CRT_SECURE_NO_WARNINGS. See online help for details.
                 e:\programming\visual studio\vc\include\string.h(112) : see declaration of 'strcpy'
     1>g:\database_backup\programs_repository\c++_repository\in-progress\csce463_project1\csce463_project1\source.cpp(150): warning C4996: 'inet_ntoa': Use inet_ntop() or InetNtop() instead or define _WINSOCK_DEPRECATED_NO_WARNINGS to disable deprecated API warnings
                 c:\program files (x86)\windows kits\8.1\include\um\winsock2.h(1868) : see declaration of 'inet_ntoa'
     1>g:\database_backup\programs_repository\c++_repository\in-progress\csce463_project1\csce463_project1\source.cpp(156): warning C4996: 'strcpy': This function or variable may be unsafe. Consider using strcpy_s instead. To disable deprecation, use _CRT_SECURE_NO_WARNINGS. See online help for details.
                 e:\programming\visual studio\vc\include\string.h(112) : see declaration of 'strcpy'
     1>g:\database_backup\programs_repository\c++_repository\in-progress\csce463_project1\csce463_project1\source.cpp(243): warning C4018: '>' : signed/unsigned mismatch
     1>g:\database_backup\programs_repository\c++_repository\in-progress\csce463_project1\csce463_project1\source.cpp(283): warning C4996: 'strcat': This function or variable may be unsafe. Consider using strcat_s instead. To disable deprecation, use _CRT_SECURE_NO_WARNINGS. See online help for details.
                 e:\programming\visual studio\vc\include\string.h(118) : see declaration of 'strcat'
     1>g:\database_backup\programs_repository\c++_repository\in-progress\csce463_project1\csce463_project1\source.cpp(295): warning C4996: 'fopen': This function or variable may be unsafe. Consider using fopen_s instead. To disable deprecation, use _CRT_SECURE_NO_WARNINGS. See online help for details.
                 e:\programming\visual studio\vc\include\stdio.h(211) : see declaration of 'fopen'
     1>g:\database_backup\programs_repository\c++_repository\in-progress\csce463_project1\csce463_project1\source.cpp(414): warning C4996: 'strtok': This function or variable may be unsafe. Consider using strtok_s instead. To disable deprecation, use _CRT_SECURE_NO_WARNINGS. See online help for details.
                 e:\programming\visual studio\vc\include\string.h(204) : see declaration of 'strtok'
     1>g:\database_backup\programs_repository\c++_repository\in-progress\csce463_project1\csce463_project1\source.cpp(419): warning C4996: 'strcpy': This function or variable may be unsafe. Consider using strcpy_s instead. To disable deprecation, use _CRT_SECURE_NO_WARNINGS. See online help for details.
                 e:\programming\visual studio\vc\include\string.h(112) : see declaration of 'strcpy'
     1>g:\database_backup\programs_repository\c++_repository\in-progress\csce463_project1\csce463_project1\source.cpp(431): warning C4996: 'strtok': This function or variable may be unsafe. Consider using strtok_s instead. To disable deprecation, use _CRT_SECURE_NO_WARNINGS. See online help for details.
                 e:\programming\visual studio\vc\include\string.h(204) : see declaration of 'strtok'
     1>g:\database_backup\programs_repository\c++_repository\in-progress\csce463_project1\csce463_project1\source.cpp(374): warning C4715: 'deal_with_page' : not all control paths return a value
       Link:
         E:\Programming\Visual Studio\VC\bin\link.exe /ERRORREPORT:PROMPT /OUT:"G:\Database_backup\Programs_Repository\C++_Repository\In-progress\CSCE463_project1\Debug\CSCE463_project1.exe" /INCREMENTAL /NOLOGO Ws2_32.lib WINMM.LIB /MANIFEST /MANIFESTUAC:"level='asInvoker' uiAccess='false'" /manifest:embed /DEBUG /PDB:"G:\Database_backup\Programs_Repository\C++_Repository\In-progress\CSCE463_project1\Debug\CSCE463_project1.pdb" /SUBSYSTEM:CONSOLE /TLBID:1 /DYNAMICBASE /NXCOMPAT /IMPLIB:"G:\Database_backup\Programs_Repository\C++_Repository\In-progress\CSCE463_project1\Debug\CSCE463_project1.lib" /MACHINE:X86 Debug\Source.obj
         CSCE463_project1.vcxproj -> G:\Database_backup\Programs_Repository\C++_Repository\In-progress\CSCE463_project1\Debug\CSCE463_project1.exe
     1>Done Building Project "G:\Database_backup\Programs_Repository\C++_Repository\In-progress\CSCE463_project1\CSCE463_project1\CSCE463_project1.vcxproj" (Build target(s)).

Build succeeded.

Time Elapsed 00:00:00.77
